This file contains any messages produced by compilers while
running configure, to aid debugging if configure makes a mistake.

It was created by rtt configure 0.1, which was
generated by GNU Autoconf 2.71.  Invocation command line was

  $ ./configure

## --------- ##
## Platform. ##
## --------- ##

hostname = fedora
uname -m = x86_64
uname -r = 6.10.6-200.fc40.x86_64
uname -s = Linux
uname -v = #1 SMP PREEMPT_DYNAMIC Mon Aug 19 14:09:30 UTC 2024

/usr/bin/uname -p = unknown
/bin/uname -X     = unknown

/bin/arch              = x86_64
/usr/bin/arch -k       = unknown
/usr/convex/getsysinfo = unknown
/usr/bin/hostinfo      = unknown
/bin/machine           = unknown
/usr/bin/oslevel       = unknown
/bin/universe          = unknown

PATH: /home/mp/.local/bin/
PATH: /home/mp/bin/
PATH: /usr/lib64/ccache/
PATH: /usr/local/bin/
PATH: /usr/local/sbin/
PATH: /usr/bin/
PATH: /usr/sbin/


## ----------- ##
## Core tests. ##
## ----------- ##

configure:2354: looking for aux files: config.guess config.sub ltmain.sh compile missing install-sh
configure:2367:  trying ./
configure:2396:   ./config.guess found
configure:2396:   ./config.sub found
configure:2396:   ./ltmain.sh found
configure:2396:   ./compile found
configure:2396:   ./missing found
configure:2378:   ./install-sh found
configure:2528: checking for a BSD-compatible install
configure:2601: result: /usr/bin/install -c
configure:2612: checking whether build environment is sane
configure:2667: result: yes
configure:2826: checking for a race-free mkdir -p
configure:2870: result: /usr/bin/mkdir -p
configure:2877: checking for gawk
configure:2898: found /usr/bin/gawk
configure:2909: result: gawk
configure:2920: checking whether make sets $(MAKE)
configure:2943: result: yes
configure:2973: checking whether make supports nested variables
configure:2991: result: yes
configure:3192: checking for gcc
configure:3213: found /usr/lib64/ccache/gcc
configure:3224: result: gcc
configure:3577: checking for C compiler version
configure:3586: gcc --version >&5
gcc (GCC) 14.2.1 20240801 (Red Hat 14.2.1-1)
Copyright (C) 2024 Free Software Foundation, Inc.
This is free software; see the source for copying conditions.  There is NO
warranty; not even for MERCHANTABILITY or FITNESS FOR A PARTICULAR PURPOSE.

configure:3597: $? = 0
configure:3586: gcc -v >&5
Using built-in specs.
COLLECT_GCC=/usr/bin/gcc
COLLECT_LTO_WRAPPER=/usr/libexec/gcc/x86_64-redhat-linux/14/lto-wrapper
OFFLOAD_TARGET_NAMES=nvptx-none:amdgcn-amdhsa
OFFLOAD_TARGET_DEFAULT=1
Target: x86_64-redhat-linux
Configured with: ../configure --enable-bootstrap --enable-languages=c,c++,fortran,objc,obj-c++,ada,go,d,m2,lto --prefix=/usr --mandir=/usr/share/man --infodir=/usr/share/info --with-bugurl=http://bugzilla.redhat.com/bugzilla --enable-shared --enable-threads=posix --enable-checking=release --enable-multilib --with-system-zlib --enable-__cxa_atexit --disable-libunwind-exceptions --enable-gnu-unique-object --enable-linker-build-id --with-gcc-major-version-only --enable-libstdcxx-backtrace --with-libstdcxx-zoneinfo=/usr/share/zoneinfo --with-linker-hash-style=gnu --enable-plugin --enable-initfini-array --with-isl=/builddir/build/BUILD/gcc-14.2.1-20240801/obj-x86_64-redhat-linux/isl-install --enable-offload-targets=nvptx-none,amdgcn-amdhsa --enable-offload-defaulted --without-cuda-driver --enable-gnu-indirect-function --enable-cet --with-tune=generic --with-arch_32=i686 --build=x86_64-redhat-linux --with-build-config=bootstrap-lto --enable-link-serialization=1
Thread model: posix
Supported LTO compression algorithms: zlib zstd
gcc version 14.2.1 20240801 (Red Hat 14.2.1-1) (GCC) 
... rest of stderr output deleted ...
configure:3597: $? = 0
configure:3586: gcc -V >&5
gcc: error: unrecognized command-line option '-V'
gcc: fatal error: no input files
compilation terminated.
configure:3597: $? = 1
configure:3586: gcc -qversion >&5
gcc: error: unrecognized command-line option '-qversion'; did you mean '--version'?
gcc: fatal error: no input files
compilation terminated.
configure:3597: $? = 1
configure:3586: gcc -version >&5
gcc: error: unrecognized command-line option '-version'
gcc: fatal error: no input files
compilation terminated.
configure:3597: $? = 1
configure:3617: checking whether the C compiler works
configure:3639: gcc    conftest.c  >&5
configure:3643: $? = 0
configure:3693: result: yes
configure:3696: checking for C compiler default output file name
configure:3698: result: a.out
configure:3704: checking for suffix of executables
configure:3711: gcc -o conftest    conftest.c  >&5
configure:3715: $? = 0
configure:3738: result: 
configure:3760: checking whether we are cross compiling
configure:3768: gcc -o conftest    conftest.c  >&5
configure:3772: $? = 0
configure:3779: ./conftest
configure:3783: $? = 0
configure:3798: result: no
configure:3803: checking for suffix of object files
configure:3826: gcc -c   conftest.c >&5
configure:3830: $? = 0
configure:3852: result: o
configure:3856: checking whether the compiler supports GNU C
configure:3876: gcc -c   conftest.c >&5
configure:3876: $? = 0
configure:3886: result: yes
configure:3897: checking whether gcc accepts -g
configure:3918: gcc -c -g  conftest.c >&5
configure:3918: $? = 0
configure:3962: result: yes
configure:3982: checking for gcc option to enable C11 features
configure:3997: gcc  -c -g -O2  conftest.c >&5
configure:3997: $? = 0
configure:4015: result: none needed
configure:4131: checking whether gcc understands -c and -o together
configure:4154: gcc -c conftest.c -o conftest2.o
configure:4157: $? = 0
configure:4154: gcc -c conftest.c -o conftest2.o
configure:4157: $? = 0
configure:4169: result: yes
configure:4189: checking whether make supports the include directive
configure:4204: make -f confmf.GNU && cat confinc.out
this is the am__doit target
configure:4207: $? = 0
configure:4226: result: yes (GNU style)
configure:4252: checking dependency style of gcc
configure:4364: result: gcc3
configure:4380: checking whether make sets $(MAKE)
configure:4403: result: yes
configure:4446: checking build system type
configure:4461: result: x86_64-pc-linux-gnu
configure:4481: checking host system type
configure:4495: result: x86_64-pc-linux-gnu
configure:4536: checking how to print strings
configure:4563: result: printf
configure:4584: checking for a sed that does not truncate output
configure:4654: result: /usr/bin/sed
configure:4672: checking for grep that handles long lines and -e
configure:4736: result: /usr/bin/grep
configure:4741: checking for egrep
configure:4809: result: /usr/bin/grep -E
configure:4814: checking for fgrep
configure:4882: result: /usr/bin/grep -F
configure:4918: checking for ld used by gcc
configure:4986: result: /usr/bin/ld
configure:4993: checking if the linker (/usr/bin/ld) is GNU ld
configure:5009: result: yes
configure:5021: checking for BSD- or MS-compatible name lister (nm)
configure:5076: result: /usr/bin/nm -B
configure:5216: checking the name lister (/usr/bin/nm -B) interface
configure:5224: gcc -c -g -O2  conftest.c >&5
configure:5227: /usr/bin/nm -B "conftest.o"
configure:5230: output
0000000000000000 B some_variable
configure:5237: result: BSD nm
configure:5240: checking whether ln -s works
configure:5244: result: yes
configure:5252: checking the maximum length of command line arguments
configure:5384: result: 1572864
configure:5432: checking how to convert x86_64-pc-linux-gnu file names to x86_64-pc-linux-gnu format
configure:5473: result: func_convert_file_noop
configure:5480: checking how to convert x86_64-pc-linux-gnu file names to toolchain format
configure:5501: result: func_convert_file_noop
configure:5508: checking for /usr/bin/ld option to reload object files
configure:5516: result: -r
configure:5595: checking for file
configure:5616: found /usr/bin/file
configure:5627: result: file
configure:5703: checking for objdump
configure:5724: found /usr/bin/objdump
configure:5735: result: objdump
configure:5767: checking how to recognize dependent libraries
configure:5968: result: pass_all
configure:6058: checking for dlltool
configure:6093: result: no
configure:6123: checking how to associate runtime and link libraries
configure:6151: result: printf %s\n
configure:6217: checking for ar
configure:6238: found /usr/bin/ar
configure:6249: result: ar
configure:6302: checking for archiver @FILE support
configure:6320: gcc -c -g -O2  conftest.c >&5
configure:6320: $? = 0
configure:6324: ar cr libconftest.a @conftest.lst >&5
configure:6327: $? = 0
configure:6332: ar cr libconftest.a @conftest.lst >&5
ar: conftest.o: No such file or directory
configure:6335: $? = 1
configure:6347: result: @
configure:6410: checking for strip
configure:6431: found /usr/bin/strip
configure:6442: result: strip
configure:6519: checking for ranlib
configure:6540: found /usr/bin/ranlib
configure:6551: result: ranlib
configure:6653: checking command to parse /usr/bin/nm -B output from gcc object
configure:6807: gcc -c -g -O2  conftest.c >&5
configure:6810: $? = 0
configure:6814: /usr/bin/nm -B conftest.o \| /usr/bin/sed -n -e 's/^.*[ ]\([ABCDGIRSTW][ABCDGIRSTW]*\)[ ][ ]*\([_A-Za-z][_A-Za-z0-9]*\)$/\1 \2 \2/p' | /usr/bin/sed '/ __gnu_lto/d' \> conftest.nm
configure:6817: $? = 0
configure:6883: gcc -o conftest -g -O2   conftest.c conftstm.o >&5
configure:6886: $? = 0
configure:6924: result: ok
configure:6971: checking for sysroot
configure:7002: result: no
configure:7009: checking for a working dd
configure:7053: result: /usr/bin/dd
configure:7057: checking how to truncate binary pipes
configure:7073: result: /usr/bin/dd bs=4096 count=1
configure:7210: gcc -c -g -O2  conftest.c >&5
configure:7213: $? = 0
configure:7410: checking for mt
configure:7445: result: no
configure:7465: checking if : is a manifest tool
configure:7472: : '-?'
configure:7480: result: no
configure:8205: checking for stdio.h
configure:8205: gcc -c -g -O2  conftest.c >&5
configure:8205: $? = 0
configure:8205: result: yes
configure:8205: checking for stdlib.h
configure:8205: gcc -c -g -O2  conftest.c >&5
configure:8205: $? = 0
configure:8205: result: yes
configure:8205: checking for string.h
configure:8205: gcc -c -g -O2  conftest.c >&5
configure:8205: $? = 0
configure:8205: result: yes
configure:8205: checking for inttypes.h
configure:8205: gcc -c -g -O2  conftest.c >&5
configure:8205: $? = 0
configure:8205: result: yes
configure:8205: checking for stdint.h
configure:8205: gcc -c -g -O2  conftest.c >&5
configure:8205: $? = 0
configure:8205: result: yes
configure:8205: checking for strings.h
configure:8205: gcc -c -g -O2  conftest.c >&5
configure:8205: $? = 0
configure:8205: result: yes
configure:8205: checking for sys/stat.h
configure:8205: gcc -c -g -O2  conftest.c >&5
configure:8205: $? = 0
configure:8205: result: yes
configure:8205: checking for sys/types.h
configure:8205: gcc -c -g -O2  conftest.c >&5
configure:8205: $? = 0
configure:8205: result: yes
configure:8205: checking for unistd.h
configure:8205: gcc -c -g -O2  conftest.c >&5
configure:8205: $? = 0
configure:8205: result: yes
configure:8230: checking for dlfcn.h
configure:8230: gcc -c -g -O2  conftest.c >&5
configure:8230: $? = 0
configure:8230: result: yes
configure:8489: checking for objdir
configure:8505: result: .libs
configure:8765: checking if gcc supports -fno-rtti -fno-exceptions
configure:8784: gcc -c -g -O2  -fno-rtti -fno-exceptions conftest.c >&5
cc1: warning: command-line option '-fno-rtti' is valid for C++/D/ObjC++ but not for C
configure:8788: $? = 0
configure:8801: result: no
configure:9159: checking for gcc option to produce PIC
configure:9167: result: -fPIC -DPIC
configure:9175: checking if gcc PIC flag -fPIC -DPIC works
configure:9194: gcc -c -g -O2  -fPIC -DPIC -DPIC conftest.c >&5
configure:9198: $? = 0
configure:9211: result: yes
configure:9240: checking if gcc static flag -static works
configure:9269: result: no
configure:9284: checking if gcc supports -c -o file.o
configure:9306: gcc -c -g -O2  -o out/conftest2.o conftest.c >&5
configure:9310: $? = 0
configure:9332: result: yes
configure:9340: checking if gcc supports -c -o file.o
configure:9388: result: yes
configure:9421: checking whether the gcc linker (/usr/bin/ld -m elf_x86_64) supports shared libraries
configure:10689: result: yes
configure:10726: checking whether -lc should be explicitly linked in
configure:10735: gcc -c -g -O2  conftest.c >&5
configure:10738: $? = 0
configure:10753: gcc -shared  -fPIC -DPIC conftest.o  -v -Wl,-soname -Wl,conftest -o conftest 2\>\&1 \| /usr/bin/grep  -lc  \>/dev/null 2\>\&1
configure:10756: $? = 0
configure:10770: result: no
configure:10930: checking dynamic linker characteristics
configure:11512: gcc -o conftest -g -O2   -Wl,-rpath -Wl,/foo conftest.c  >&5
configure:11512: $? = 0
configure:11754: result: GNU/Linux ld.so
configure:11876: checking how to hardcode library paths into programs
configure:11901: result: immediate
configure:12453: checking whether stripping libraries is possible
configure:12462: result: yes
configure:12504: checking if libtool supports shared libraries
configure:12506: result: yes
configure:12509: checking whether to build shared libraries
configure:12534: result: yes
configure:12537: checking whether to build static libraries
configure:12541: result: yes
configure:12749: checking that generated files are newer than configure
configure:12755: result: done
configure:12778: creating ./config.status

## ---------------------- ##
## Running config.status. ##
## ---------------------- ##

This file was extended by rtt config.status 0.1, which was
generated by GNU Autoconf 2.71.  Invocation command line was

  CONFIG_FILES    = 
  CONFIG_HEADERS  = 
  CONFIG_LINKS    = 
  CONFIG_COMMANDS = 
  $ ./config.status 

on fedora

config.status:1082: creating Makefile
config.status:1082: creating rtt.h
config.status:1263: rtt.h is unchanged
config.status:1311: executing depfiles commands
config.status:1388: cd .       && sed -e '/# am--include-marker/d' Makefile         | make -f - am--depfiles
make: Nothing to be done for 'am--depfiles'.
config.status:1393: $? = 0
config.status:1311: executing libtool commands

## ---------------- ##
## Cache variables. ##
## ---------------- ##

ac_cv_build=x86_64-pc-linux-gnu
ac_cv_c_compiler_gnu=yes
ac_cv_env_CC_set=
ac_cv_env_CC_value=
ac_cv_env_CFLAGS_set=
ac_cv_env_CFLAGS_value=
ac_cv_env_CPPFLAGS_set=
ac_cv_env_CPPFLAGS_value=
ac_cv_env_LDFLAGS_set=
ac_cv_env_LDFLAGS_value=
ac_cv_env_LIBS_set=
ac_cv_env_LIBS_value=
ac_cv_env_LT_SYS_LIBRARY_PATH_set=
ac_cv_env_LT_SYS_LIBRARY_PATH_value=
ac_cv_env_build_alias_set=
ac_cv_env_build_alias_value=
ac_cv_env_host_alias_set=
ac_cv_env_host_alias_value=
ac_cv_env_target_alias_set=
ac_cv_env_target_alias_value=
ac_cv_header_dlfcn_h=yes
ac_cv_header_inttypes_h=yes
ac_cv_header_stdint_h=yes
ac_cv_header_stdio_h=yes
ac_cv_header_stdlib_h=yes
ac_cv_header_string_h=yes
ac_cv_header_strings_h=yes
ac_cv_header_sys_stat_h=yes
ac_cv_header_sys_types_h=yes
ac_cv_header_unistd_h=yes
ac_cv_host=x86_64-pc-linux-gnu
ac_cv_objext=o
ac_cv_path_EGREP='/usr/bin/grep -E'
ac_cv_path_FGREP='/usr/bin/grep -F'
ac_cv_path_GREP=/usr/bin/grep
ac_cv_path_SED=/usr/bin/sed
ac_cv_path_install='/usr/bin/install -c'
ac_cv_path_lt_DD=/usr/bin/dd
ac_cv_path_mkdir=/usr/bin/mkdir
ac_cv_prog_AWK=gawk
ac_cv_prog_ac_ct_AR=ar
ac_cv_prog_ac_ct_CC=gcc
ac_cv_prog_ac_ct_FILECMD=file
ac_cv_prog_ac_ct_OBJDUMP=objdump
ac_cv_prog_ac_ct_RANLIB=ranlib
ac_cv_prog_ac_ct_STRIP=strip
ac_cv_prog_cc_c11=
ac_cv_prog_cc_g=yes
ac_cv_prog_cc_stdc=
ac_cv_prog_make_make_set=yes
am_cv_CC_dependencies_compiler_type=gcc3
am_cv_make_support_nested_variables=yes
am_cv_prog_cc_c_o=yes
lt_cv_ar_at_file=@
lt_cv_archive_cmds_need_lc=no
lt_cv_deplibs_check_method=pass_all
lt_cv_file_magic_cmd='$MAGIC_CMD'
lt_cv_file_magic_test_file=
lt_cv_ld_reload_flag=-r
lt_cv_nm_interface='BSD nm'
lt_cv_objdir=.libs
lt_cv_path_LD=/usr/bin/ld
lt_cv_path_NM='/usr/bin/nm -B'
lt_cv_path_mainfest_tool=no
lt_cv_prog_compiler_c_o=yes
lt_cv_prog_compiler_pic='-fPIC -DPIC'
lt_cv_prog_compiler_pic_works=yes
lt_cv_prog_compiler_rtti_exceptions=no
lt_cv_prog_compiler_static_works=no
lt_cv_prog_gnu_ld=yes
lt_cv_sharedlib_from_linklib_cmd='printf %s\n'
lt_cv_shlibpath_overrides_runpath=yes
lt_cv_sys_global_symbol_pipe='/usr/bin/sed -n -e '\''s/^.*[	 ]\([ABCDGIRSTW][ABCDGIRSTW]*\)[	 ][	 ]*\([_A-Za-z][_A-Za-z0-9]*\)$/\1 \2 \2/p'\'' | /usr/bin/sed '\''/ __gnu_lto/d'\'''
lt_cv_sys_global_symbol_to_c_name_address='/usr/bin/sed -n -e '\''s/^: \(.*\) .*$/  {"\1", (void *) 0},/p'\'' -e '\''s/^[ABCDGIRSTW][ABCDGIRSTW]* .* \(.*\)$/  {"\1", (void *) \&\1},/p'\'''
lt_cv_sys_global_symbol_to_c_name_address_lib_prefix='/usr/bin/sed -n -e '\''s/^: \(.*\) .*$/  {"\1", (void *) 0},/p'\'' -e '\''s/^[ABCDGIRSTW][ABCDGIRSTW]* .* \(lib.*\)$/  {"\1", (void *) \&\1},/p'\'' -e '\''s/^[ABCDGIRSTW][ABCDGIRSTW]* .* \(.*\)$/  {"lib\1", (void *) \&\1},/p'\'''
lt_cv_sys_global_symbol_to_cdecl='/usr/bin/sed -n -e '\''s/^T .* \(.*\)$/extern int \1();/p'\'' -e '\''s/^[ABCDGIRSTW][ABCDGIRSTW]* .* \(.*\)$/extern char \1;/p'\'''
lt_cv_sys_global_symbol_to_import=
lt_cv_sys_max_cmd_len=1572864
lt_cv_to_host_file_cmd=func_convert_file_noop
lt_cv_to_tool_file_cmd=func_convert_file_noop
lt_cv_truncate_bin='/usr/bin/dd bs=4096 count=1'

## ----------------- ##
## Output variables. ##
## ----------------- ##

ACLOCAL='${SHELL} '\''/home/mp/p/rtt-1.0/missing'\'' aclocal-1.16'
AMDEPBACKSLASH='\'
AMDEP_FALSE='#'
AMDEP_TRUE=''
AMTAR='$${TAR-tar}'
AM_BACKSLASH='\'
AM_DEFAULT_V='$(AM_DEFAULT_VERBOSITY)'
AM_DEFAULT_VERBOSITY='1'
AM_V='$(V)'
AR='ar'
AUTOCONF='${SHELL} '\''/home/mp/p/rtt-1.0/missing'\'' autoconf'
AUTOHEADER='${SHELL} '\''/home/mp/p/rtt-1.0/missing'\'' autoheader'
AUTOMAKE='${SHELL} '\''/home/mp/p/rtt-1.0/missing'\'' automake-1.16'
AWK='gawk'
CC='gcc'
CCDEPMODE='depmode=gcc3'
CFLAGS='-g -O2'
CPPFLAGS=''
CSCOPE='cscope'
CTAGS='ctags'
CYGPATH_W='echo'
DEFS='-DHAVE_CONFIG_H'
DEPDIR='.deps'
DLLTOOL='false'
DSYMUTIL=''
DUMPBIN=''
ECHO_C=''
ECHO_N='-n'
ECHO_T=''
EGREP='/usr/bin/grep -E'
ETAGS='etags'
EXEEXT=''
FGREP='/usr/bin/grep -F'
FILECMD='file'
GREP='/usr/bin/grep'
INSTALL_DATA='${INSTALL} -m 644'
INSTALL_PROGRAM='${INSTALL}'
INSTALL_SCRIPT='${INSTALL}'
INSTALL_STRIP_PROGRAM='$(install_sh) -c -s'
LD='/usr/bin/ld -m elf_x86_64'
LDFLAGS=''
LIBOBJS=''
LIBS=''
LIBTOOL='$(SHELL) $(top_builddir)/libtool'
LIPO=''
LN_S='ln -s'
LTLIBOBJS=''
LT_SYS_LIBRARY_PATH=''
MAKEINFO='${SHELL} '\''/home/mp/p/rtt-1.0/missing'\'' makeinfo'
MANIFEST_TOOL=':'
MKDIR_P='/usr/bin/mkdir -p'
NM='/usr/bin/nm -B'
NMEDIT=''
OBJDUMP='objdump'
OBJEXT='o'
OTOOL64=''
OTOOL=''
PACKAGE='rtt'
PACKAGE_BUGREPORT='mips@own.ro'
PACKAGE_NAME='rtt'
PACKAGE_STRING='rtt 0.1'
PACKAGE_TARNAME='rtt'
PACKAGE_URL=''
PACKAGE_VERSION='0.1'
PATH_SEPARATOR=':'
RANLIB='ranlib'
SED='/usr/bin/sed'
SET_MAKE=''
SHELL='/bin/sh'
STRIP='strip'
VERSION='main'
ac_ct_AR='ar'
ac_ct_CC='gcc'
ac_ct_DUMPBIN=''
am__EXEEXT_FALSE=''
am__EXEEXT_TRUE='#'
am__fastdepCC_FALSE='#'
am__fastdepCC_TRUE=''
am__include='include'
am__isrc=''
am__leading_dot='.'
am__nodep='_no'
am__quote=''
am__tar='$${TAR-tar} chof - "$$tardir"'
am__untar='$${TAR-tar} xf -'
bindir='${exec_prefix}/bin'
build='x86_64-pc-linux-gnu'
build_alias=''
build_cpu='x86_64'
build_os='linux-gnu'
build_vendor='pc'
datadir='${datarootdir}'
datarootdir='${prefix}/share'
docdir='${datarootdir}/doc/${PACKAGE_TARNAME}'
dvidir='${docdir}'
exec_prefix='${prefix}'
host='x86_64-pc-linux-gnu'
host_alias=''
host_cpu='x86_64'
host_os='linux-gnu'
host_vendor='pc'
htmldir='${docdir}'
includedir='${prefix}/include'
infodir='${datarootdir}/info'
install_sh='${SHELL} /home/mp/p/rtt-1.0/install-sh'
libdir='${exec_prefix}/lib'
libexecdir='${exec_prefix}/libexec'
localedir='${datarootdir}/locale'
localstatedir='${prefix}/var'
mandir='${datarootdir}/man'
mkdir_p='$(MKDIR_P)'
oldincludedir='/usr/include'
pdfdir='${docdir}'
prefix='/usr/local'
program_transform_name='s,x,x,'
psdir='${docdir}'
runstatedir='${localstatedir}/run'
sbindir='${exec_prefix}/sbin'
sharedstatedir='${prefix}/com'
sysconfdir='${prefix}/etc'
target_alias=''

## ----------- ##
## confdefs.h. ##
## ----------- ##

/* confdefs.h */
#define PACKAGE_NAME "rtt"
#define PACKAGE_TARNAME "rtt"
#define PACKAGE_VERSION "0.1"
#define PACKAGE_STRING "rtt 0.1"
#define PACKAGE_BUGREPORT "mips@own.ro"
#define PACKAGE_URL ""
#define PACKAGE "rtt"
#define VERSION "main"
#define HAVE_STDIO_H 1
#define HAVE_STDLIB_H 1
#define HAVE_STRING_H 1
#define HAVE_INTTYPES_H 1
#define HAVE_STDINT_H 1
#define HAVE_STRINGS_H 1
#define HAVE_SYS_STAT_H 1
#define HAVE_SYS_TYPES_H 1
#define HAVE_UNISTD_H 1
#define STDC_HEADERS 1
#define HAVE_DLFCN_H 1
#define LT_OBJDIR ".libs/"

configure: exit 0
